<?xml version="1.0" encoding="UTF-8"?>
<testsuite name="my.portfolio.mySpringboot.web.PostsApiControllerTest" tests="2" skipped="0" failures="0" errors="0" timestamp="2020-04-09T16:11:31" hostname="Dohyeopui-MacBookPro.local" time="0.264">
  <properties/>
  <testcase name="Posts_register" classname="my.portfolio.mySpringboot.web.PostsApiControllerTest" time="0.233"/>
  <testcase name="Posts_update" classname="my.portfolio.mySpringboot.web.PostsApiControllerTest" time="0.03"/>
  <system-out><![CDATA[2020-04-10 01:11:31.296  INFO 927 --- [    Test worker] .b.t.c.SpringBootTestContextBootstrapper : Neither @ContextConfiguration nor @ContextHierarchy found for test class [my.portfolio.mySpringboot.web.PostsApiControllerTest], using SpringBootContextLoader
2020-04-10 01:11:31.297  INFO 927 --- [    Test worker] o.s.t.c.support.AbstractContextLoader    : Could not detect default resource locations for test class [my.portfolio.mySpringboot.web.PostsApiControllerTest]: no resource found for suffixes {-context.xml, Context.groovy}.
2020-04-10 01:11:31.297  INFO 927 --- [    Test worker] t.c.s.AnnotationConfigContextLoaderUtils : Could not detect default configuration classes for test class [my.portfolio.mySpringboot.web.PostsApiControllerTest]: PostsApiControllerTest does not declare any static, non-private, non-final, nested classes annotated with @Configuration.
2020-04-10 01:11:31.298  INFO 927 --- [    Test worker] .b.t.c.SpringBootTestContextBootstrapper : Found @SpringBootConfiguration my.portfolio.mySpringboot.Application for test class my.portfolio.mySpringboot.web.PostsApiControllerTest
2020-04-10 01:11:31.299  INFO 927 --- [    Test worker] .b.t.c.SpringBootTestContextBootstrapper : Loaded default TestExecutionListener class names from location [META-INF/spring.factories]: [org.springframework.security.test.context.support.WithSecurityContextTestExecutionListener, org.springframework.security.test.context.support.ReactorContextTestExecutionListener, org.springframework.boot.test.autoconfigure.restdocs.RestDocsTestExecutionListener, org.springframework.boot.test.autoconfigure.web.client.MockRestServiceServerResetTestExecutionListener, org.springframework.boot.test.autoconfigure.web.servlet.MockMvcPrintOnlyOnFailureTestExecutionListener, org.springframework.boot.test.autoconfigure.web.servlet.WebDriverTestExecutionListener, org.springframework.boot.test.mock.mockito.MockitoTestExecutionListener, org.springframework.boot.test.mock.mockito.ResetMocksTestExecutionListener, org.springframework.test.context.web.ServletTestExecutionListener, org.springframework.test.context.support.DirtiesContextBeforeModesTestExecutionListener, org.springframework.test.context.support.DependencyInjectionTestExecutionListener, org.springframework.test.context.support.DirtiesContextTestExecutionListener, org.springframework.test.context.transaction.TransactionalTestExecutionListener, org.springframework.test.context.jdbc.SqlScriptsTestExecutionListener]
2020-04-10 01:11:31.300  INFO 927 --- [    Test worker] .b.t.c.SpringBootTestContextBootstrapper : Using TestExecutionListeners: [org.springframework.test.context.web.ServletTestExecutionListener@a142ee4, org.springframework.test.context.support.DirtiesContextBeforeModesTestExecutionListener@372cf9ed, org.springframework.boot.test.mock.mockito.MockitoTestExecutionListener@5f6f2127, org.springframework.boot.test.autoconfigure.SpringBootDependencyInjectionTestExecutionListener@5a130688, org.springframework.test.context.support.DirtiesContextTestExecutionListener@715b6020, org.springframework.test.context.transaction.TransactionalTestExecutionListener@21e81c77, org.springframework.test.context.jdbc.SqlScriptsTestExecutionListener@7a86774, org.springframework.security.test.context.support.WithSecurityContextTestExecutionListener@454d064f, org.springframework.security.test.context.support.ReactorContextTestExecutionListener@6fbd24a6, org.springframework.boot.test.autoconfigure.restdocs.RestDocsTestExecutionListener@ed78682, org.springframework.boot.test.autoconfigure.web.client.MockRestServiceServerResetTestExecutionListener@4a00d3eb, org.springframework.boot.test.autoconfigure.web.servlet.MockMvcPrintOnlyOnFailureTestExecutionListener@67d2db9a, org.springframework.boot.test.autoconfigure.web.servlet.WebDriverTestExecutionListener@61cc4bd2, org.springframework.boot.test.mock.mockito.ResetMocksTestExecutionListener@539d32ff]
2020-04-10 01:11:31.320  INFO 927 --- [    Test worker] o.a.c.c.C.[Tomcat].[localhost].[/]       : Initializing Spring TestDispatcherServlet ''
2020-04-10 01:11:31.321  INFO 927 --- [    Test worker] o.s.t.web.servlet.TestDispatcherServlet  : Initializing Servlet ''
2020-04-10 01:11:31.324  INFO 927 --- [    Test worker] o.s.t.web.servlet.TestDispatcherServlet  : Completed initialization in 3 ms
Hibernate: insert into posts (create_date, modified_date, author, content, title) values (?, ?, ?, ?, ?)
Hibernate: select posts0_.id as id1_0_, posts0_.create_date as create_d2_0_, posts0_.modified_date as modified3_0_, posts0_.author as author4_0_, posts0_.content as content5_0_, posts0_.title as title6_0_ from posts posts0_
Hibernate: select posts0_.id as id1_0_, posts0_.create_date as create_d2_0_, posts0_.modified_date as modified3_0_, posts0_.author as author4_0_, posts0_.content as content5_0_, posts0_.title as title6_0_ from posts posts0_
Hibernate: delete from posts where id=?
2020-04-10 01:11:31.540  INFO 927 --- [    Test worker] o.a.c.c.C.[Tomcat].[localhost].[/]       : Initializing Spring TestDispatcherServlet ''
2020-04-10 01:11:31.540  INFO 927 --- [    Test worker] o.s.t.web.servlet.TestDispatcherServlet  : Initializing Servlet ''
2020-04-10 01:11:31.544  INFO 927 --- [    Test worker] o.s.t.web.servlet.TestDispatcherServlet  : Completed initialization in 3 ms
Hibernate: insert into posts (create_date, modified_date, author, content, title) values (?, ?, ?, ?, ?)
Hibernate: select posts0_.id as id1_0_0_, posts0_.create_date as create_d2_0_0_, posts0_.modified_date as modified3_0_0_, posts0_.author as author4_0_0_, posts0_.content as content5_0_0_, posts0_.title as title6_0_0_ from posts posts0_ where posts0_.id=?
Hibernate: update posts set create_date=?, modified_date=?, author=?, content=?, title=? where id=?
Hibernate: select posts0_.id as id1_0_, posts0_.create_date as create_d2_0_, posts0_.modified_date as modified3_0_, posts0_.author as author4_0_, posts0_.content as content5_0_, posts0_.title as title6_0_ from posts posts0_
Hibernate: select posts0_.id as id1_0_, posts0_.create_date as create_d2_0_, posts0_.modified_date as modified3_0_, posts0_.author as author4_0_, posts0_.content as content5_0_, posts0_.title as title6_0_ from posts posts0_
Hibernate: delete from posts where id=?
]]></system-out>
  <system-err><![CDATA[]]></system-err>
</testsuite>
